<?xml version="1.0" encoding="UTF-8"?>
<!-- Generated by org.testng.reporters.JUnitReportReporter -->
<testsuite hostname="Akshay" failures="0" tests="2" name="Session2.Different_Ways_ToCreate_Request_Bodies" time="2.732" errors="0" timestamp="2023-07-13T18:23:15 IST" skipped="0">
  <testcase classname="Session2.Different_Ways_ToCreate_Request_Bodies" name="CreatePostClass" time="2.606"/>
  <system-out/>
  <testcase classname="Session2.Different_Ways_ToCreate_Request_Bodies" name="DeleteRequestContent" time="0.126"/>
  <system-out/>
</testsuite> <!-- Session2.Different_Ways_ToCreate_Request_Bodies -->
