<?xml version="1.0" encoding="UTF-8"?>
<!-- Generated by org.testng.reporters.JUnitReportReporter -->
<testsuite hostname="Akshay" failures="0" tests="2" name="restAssuredTraining.Different_Ways_ToCreate_Request_Bodies" time="2.723" errors="0" timestamp="2023-07-13T17:18:34 IST" skipped="0">
  <testcase classname="restAssuredTraining.Different_Ways_ToCreate_Request_Bodies" name="CreateRequestBodyByOrgJson" time="2.619"/>
  <system-out/>
  <testcase classname="restAssuredTraining.Different_Ways_ToCreate_Request_Bodies" name="DeleteRequestContent" time="0.104"/>
  <system-out/>
</testsuite> <!-- restAssuredTraining.Different_Ways_ToCreate_Request_Bodies -->
