<?xml version="1.0" encoding="UTF-8"?>
<!-- Generated by org.testng.reporters.JUnitReportReporter -->
<testsuite hostname="Akshay" failures="0" tests="4" name="restAssuredTraining.HttpRequests" time="5.721" errors="0" timestamp="2023-07-10T10:48:05 IST" skipped="0">
  <testcase classname="restAssuredTraining.HttpRequests" name="GetRequest" time="3.828"/>
  <system-out/>
  <testcase classname="restAssuredTraining.HttpRequests" name="CreateUser" time="0.984"/>
  <system-out/>
  <testcase classname="restAssuredTraining.HttpRequests" name="UpdateUser" time="0.460"/>
  <system-out/>
  <testcase classname="restAssuredTraining.HttpRequests" name="DeleteRequest" time="0.449"/>
  <system-out/>
</testsuite> <!-- restAssuredTraining.HttpRequests -->
