<?xml version="1.0" encoding="UTF-8"?>
<!-- Generated by org.testng.reporters.JUnitReportReporter -->
<testsuite hostname="Akshay" failures="0" tests="1" name="session3.Log_Demo" time="2.254" errors="0" timestamp="2023-07-14T08:54:35 IST" skipped="0">
  <testcase classname="session3.Log_Demo" name="TestLogMethods" time="2.254"/>
  <system-out/>
</testsuite> <!-- session3.Log_Demo -->
