<?xml version="1.0" encoding="UTF-8"?>
<!-- Generated by org.testng.reporters.JUnitReportReporter -->
<testsuite hostname="Akshay" failures="0" tests="1" name="session3.HandleCookies" time="3.138" errors="0" timestamp="2023-07-14T08:29:14 IST" skipped="0">
  <testcase classname="session3.HandleCookies" name="GetCookiesDynamically" time="3.138"/>
  <system-out/>
</testsuite> <!-- session3.HandleCookies -->
