<?xml version="1.0" encoding="UTF-8"?>
<!-- Generated by org.testng.reporters.JUnitReportReporter -->
<testsuite hostname="Akshay" failures="0" tests="1" name="session3.PathAndQueryParameter" time="14.288" errors="0" timestamp="2023-07-14T08:04:48 IST" skipped="0">
  <testcase classname="session3.PathAndQueryParameter" name="TestPathAndQueryParameter" time="14.288"/>
  <system-out/>
</testsuite> <!-- session3.PathAndQueryParameter -->
