<?xml version="1.0" encoding="UTF-8"?>
<!-- Generated by org.testng.reporters.JUnitReportReporter -->
<testsuite hostname="Akshay" failures="0" tests="1" name="restAssuredTraining.Create_Request_Bodies" time="2.998" errors="0" timestamp="2023-07-13T16:39:56 IST" skipped="0">
  <testcase classname="restAssuredTraining.Create_Request_Bodies" name="CreateRequestBodyByHashmap" time="2.998"/>
  <system-out/>
</testsuite> <!-- restAssuredTraining.Create_Request_Bodies -->
