<?xml version="1.0" encoding="UTF-8"?>
<!-- Generated by org.testng.reporters.JUnitReportReporter -->
<testsuite hostname="Akshay" failures="0" tests="1" name="session3.Handle_Headers" time="2.693" errors="0" timestamp="2023-07-14T08:47:34 IST" skipped="0">
  <testcase classname="session3.Handle_Headers" name="GetHeaders" time="2.693"/>
  <system-out/>
</testsuite> <!-- session3.Handle_Headers -->
